<?xml version="1.0" encoding="UTF-8"?>
<!-- Generated by org.testng.reporters.JUnitXMLReporter -->
<testsuite ignored="1" hostname="Akins-iMac.local" failures="0" tests="5" name="Test" time="0.053" errors="0" timestamp="2020-10-27T16:45:21 EDT">
  <testcase classname="mavenTestNG.TestCaseOne" name="launchSite" time="0.008"/>
  <testcase classname="mavenTestNG2.TestCaseThree" name="publishBlogPost" time="0.002"/>
  <testcase classname="mavenTestNG2.TestCaseThree" name="writeBlogPost" time="0.001"/>
  <testcase classname="mavenTestNG.TestCaseTwo" name="loginAsAdmin" time="0.001"/>
  <testcase classname="mavenTestNG.TestCaseTwo" name="navigateNewPost" time="0.001"/>
  <testcase classname="mavenTestNG.TestCaseOne" name="openAdminPage" time="0.0">
    <ignored/>
  </testcase> <!-- openAdminPage -->
</testsuite> <!-- Test -->
