<?xml version="1.0" encoding="UTF-8"?>
<!-- Generated by org.testng.reporters.JUnitXMLReporter -->
<testsuite ignored="0" hostname="Akins-iMac.local" failures="0" tests="5" name="Default test" time="0.055" errors="0" timestamp="2020-10-27T16:20:26 EDT">
  <testcase classname="mavenTestNG.TestCaseOne" name="launchSite" time="0.008"/>
  <testcase classname="mavenTestNG.TestCaseOne" name="openAdminPage" time="0.001"/>
  <testcase classname="mavenTestNG.AppTest" name="shouldAnswerWithTrue" time="0.003"/>
  <testcase classname="mavenTestNG.TestCaseTwo" name="loginAsAdmin" time="0.001"/>
  <testcase classname="mavenTestNG.TestCaseTwo" name="navigateNewPost" time="0.001"/>
</testsuite> <!-- Default test -->
